[2020-05-16 06:35:14] app.INFO: Exporting mail with theme modern for language Русский (Russian) [] []
[2020-05-16 06:35:14] app.INFO: Core output folder: /home/a0439042/domains/a0439042.xsph.ru/public_html/mails [] []
[2020-05-16 06:35:14] app.INFO: Modules output folder: /home/a0439042/domains/a0439042.xsph.ru/public_html/modules/ [] []
[2020-05-16 06:35:14] app.INFO: Generate html template account at /home/a0439042/domains/a0439042.xsph.ru/public_html/mails/ru/account.html [] []
[2020-05-16 06:35:14] app.INFO: Generate txt template account at /home/a0439042/domains/a0439042.xsph.ru/public_html/mails/ru/account.txt [] []
[2020-05-16 06:35:14] app.INFO: Generate html template backoffice_order at /home/a0439042/domains/a0439042.xsph.ru/public_html/mails/ru/backoffice_order.html [] []
[2020-05-16 06:35:14] app.INFO: Generate txt template backoffice_order at /home/a0439042/domains/a0439042.xsph.ru/public_html/mails/ru/backoffice_order.txt [] []
[2020-05-16 06:35:14] app.INFO: Generate html template bankwire at /home/a0439042/domains/a0439042.xsph.ru/public_html/mails/ru/bankwire.html [] []
[2020-05-16 06:35:14] app.INFO: Generate txt template bankwire at /home/a0439042/domains/a0439042.xsph.ru/public_html/mails/ru/bankwire.txt [] []
[2020-05-16 06:35:14] app.INFO: Generate html template cheque at /home/a0439042/domains/a0439042.xsph.ru/public_html/mails/ru/cheque.html [] []
[2020-05-16 06:35:14] app.INFO: Generate txt template cheque at /home/a0439042/domains/a0439042.xsph.ru/public_html/mails/ru/cheque.txt [] []
[2020-05-16 06:35:14] app.INFO: Generate html template contact at /home/a0439042/domains/a0439042.xsph.ru/public_html/mails/ru/contact.html [] []
[2020-05-16 06:35:14] app.INFO: Generate txt template contact at /home/a0439042/domains/a0439042.xsph.ru/public_html/mails/ru/contact.txt [] []
[2020-05-16 06:35:14] app.INFO: Generate html template contact_form at /home/a0439042/domains/a0439042.xsph.ru/public_html/mails/ru/contact_form.html [] []
[2020-05-16 06:35:14] app.INFO: Generate txt template contact_form at /home/a0439042/domains/a0439042.xsph.ru/public_html/mails/ru/contact_form.txt [] []
[2020-05-16 06:35:14] app.INFO: Generate html template credit_slip at /home/a0439042/domains/a0439042.xsph.ru/public_html/mails/ru/credit_slip.html [] []
[2020-05-16 06:35:14] app.INFO: Generate txt template credit_slip at /home/a0439042/domains/a0439042.xsph.ru/public_html/mails/ru/credit_slip.txt [] []
[2020-05-16 06:35:14] app.INFO: Generate html template download_product at /home/a0439042/domains/a0439042.xsph.ru/public_html/mails/ru/download_product.html [] []
[2020-05-16 06:35:14] app.INFO: Generate txt template download_product at /home/a0439042/domains/a0439042.xsph.ru/public_html/mails/ru/download_product.txt [] []
[2020-05-16 06:35:14] app.INFO: Generate html template employee_password at /home/a0439042/domains/a0439042.xsph.ru/public_html/mails/ru/employee_password.html [] []
[2020-05-16 06:35:14] app.INFO: Generate txt template employee_password at /home/a0439042/domains/a0439042.xsph.ru/public_html/mails/ru/employee_password.txt [] []
[2020-05-16 06:35:14] app.INFO: Generate html template forward_msg at /home/a0439042/domains/a0439042.xsph.ru/public_html/mails/ru/forward_msg.html [] []
[2020-05-16 06:35:14] app.INFO: Generate txt template forward_msg at /home/a0439042/domains/a0439042.xsph.ru/public_html/mails/ru/forward_msg.txt [] []
[2020-05-16 06:35:14] app.INFO: Generate html template guest_to_customer at /home/a0439042/domains/a0439042.xsph.ru/public_html/mails/ru/guest_to_customer.html [] []
[2020-05-16 06:35:14] app.INFO: Generate txt template guest_to_customer at /home/a0439042/domains/a0439042.xsph.ru/public_html/mails/ru/guest_to_customer.txt [] []
[2020-05-16 06:35:14] app.INFO: Generate html template import at /home/a0439042/domains/a0439042.xsph.ru/public_html/mails/ru/import.html [] []
[2020-05-16 06:35:14] app.INFO: Generate txt template import at /home/a0439042/domains/a0439042.xsph.ru/public_html/mails/ru/import.txt [] []
[2020-05-16 06:35:14] app.INFO: Generate html template in_transit at /home/a0439042/domains/a0439042.xsph.ru/public_html/mails/ru/in_transit.html [] []
[2020-05-16 06:35:14] app.INFO: Generate txt template in_transit at /home/a0439042/domains/a0439042.xsph.ru/public_html/mails/ru/in_transit.txt [] []
[2020-05-16 06:35:14] app.INFO: Generate html template log_alert at /home/a0439042/domains/a0439042.xsph.ru/public_html/mails/ru/log_alert.html [] []
[2020-05-16 06:35:14] app.INFO: Generate txt template log_alert at /home/a0439042/domains/a0439042.xsph.ru/public_html/mails/ru/log_alert.txt [] []
[2020-05-16 06:35:14] app.INFO: Generate html template newsletter at /home/a0439042/domains/a0439042.xsph.ru/public_html/mails/ru/newsletter.html [] []
[2020-05-16 06:35:14] app.INFO: Generate txt template newsletter at /home/a0439042/domains/a0439042.xsph.ru/public_html/mails/ru/newsletter.txt [] []
[2020-05-16 06:35:14] app.INFO: Generate html template order_canceled at /home/a0439042/domains/a0439042.xsph.ru/public_html/mails/ru/order_canceled.html [] []
[2020-05-16 06:35:14] app.INFO: Generate txt template order_canceled at /home/a0439042/domains/a0439042.xsph.ru/public_html/mails/ru/order_canceled.txt [] []
[2020-05-16 06:35:14] app.INFO: Generate html template order_changed at /home/a0439042/domains/a0439042.xsph.ru/public_html/mails/ru/order_changed.html [] []
[2020-05-16 06:35:14] app.INFO: Generate txt template order_changed at /home/a0439042/domains/a0439042.xsph.ru/public_html/mails/ru/order_changed.txt [] []
[2020-05-16 06:35:14] app.INFO: Generate html template order_conf at /home/a0439042/domains/a0439042.xsph.ru/public_html/mails/ru/order_conf.html [] []
[2020-05-16 06:35:14] app.INFO: Generate txt template order_conf at /home/a0439042/domains/a0439042.xsph.ru/public_html/mails/ru/order_conf.txt [] []
[2020-05-16 06:35:14] app.INFO: Generate html template order_customer_comment at /home/a0439042/domains/a0439042.xsph.ru/public_html/mails/ru/order_customer_comment.html [] []
[2020-05-16 06:35:14] app.INFO: Generate txt template order_customer_comment at /home/a0439042/domains/a0439042.xsph.ru/public_html/mails/ru/order_customer_comment.txt [] []
[2020-05-16 06:35:14] app.INFO: Generate html template order_merchant_comment at /home/a0439042/domains/a0439042.xsph.ru/public_html/mails/ru/order_merchant_comment.html [] []
[2020-05-16 06:35:14] app.INFO: Generate txt template order_merchant_comment at /home/a0439042/domains/a0439042.xsph.ru/public_html/mails/ru/order_merchant_comment.txt [] []
[2020-05-16 06:35:14] app.INFO: Generate html template order_return_state at /home/a0439042/domains/a0439042.xsph.ru/public_html/mails/ru/order_return_state.html [] []
[2020-05-16 06:35:14] app.INFO: Generate txt template order_return_state at /home/a0439042/domains/a0439042.xsph.ru/public_html/mails/ru/order_return_state.txt [] []
[2020-05-16 06:35:14] app.INFO: Generate html template outofstock at /home/a0439042/domains/a0439042.xsph.ru/public_html/mails/ru/outofstock.html [] []
[2020-05-16 06:35:14] app.INFO: Generate txt template outofstock at /home/a0439042/domains/a0439042.xsph.ru/public_html/mails/ru/outofstock.txt [] []
[2020-05-16 06:35:14] app.INFO: Generate html template password at /home/a0439042/domains/a0439042.xsph.ru/public_html/mails/ru/password.html [] []
[2020-05-16 06:35:14] app.INFO: Generate txt template password at /home/a0439042/domains/a0439042.xsph.ru/public_html/mails/ru/password.txt [] []
[2020-05-16 06:35:14] app.INFO: Generate html template password_query at /home/a0439042/domains/a0439042.xsph.ru/public_html/mails/ru/password_query.html [] []
[2020-05-16 06:35:14] app.INFO: Generate txt template password_query at /home/a0439042/domains/a0439042.xsph.ru/public_html/mails/ru/password_query.txt [] []
[2020-05-16 06:35:15] app.INFO: Generate html template payment at /home/a0439042/domains/a0439042.xsph.ru/public_html/mails/ru/payment.html [] []
[2020-05-16 06:35:15] app.INFO: Generate txt template payment at /home/a0439042/domains/a0439042.xsph.ru/public_html/mails/ru/payment.txt [] []
[2020-05-16 06:35:15] app.INFO: Generate html template payment_error at /home/a0439042/domains/a0439042.xsph.ru/public_html/mails/ru/payment_error.html [] []
[2020-05-16 06:35:15] app.INFO: Generate txt template payment_error at /home/a0439042/domains/a0439042.xsph.ru/public_html/mails/ru/payment_error.txt [] []
[2020-05-16 06:35:15] app.INFO: Generate html template preparation at /home/a0439042/domains/a0439042.xsph.ru/public_html/mails/ru/preparation.html [] []
[2020-05-16 06:35:15] app.INFO: Generate txt template preparation at /home/a0439042/domains/a0439042.xsph.ru/public_html/mails/ru/preparation.txt [] []
[2020-05-16 06:35:15] app.INFO: Generate html template productoutofstock at /home/a0439042/domains/a0439042.xsph.ru/public_html/mails/ru/productoutofstock.html [] []
[2020-05-16 06:35:15] app.INFO: Generate txt template productoutofstock at /home/a0439042/domains/a0439042.xsph.ru/public_html/mails/ru/productoutofstock.txt [] []
[2020-05-16 06:35:15] app.INFO: Generate html template refund at /home/a0439042/domains/a0439042.xsph.ru/public_html/mails/ru/refund.html [] []
[2020-05-16 06:35:15] app.INFO: Generate txt template refund at /home/a0439042/domains/a0439042.xsph.ru/public_html/mails/ru/refund.txt [] []
[2020-05-16 06:35:15] app.INFO: Generate html template reply_msg at /home/a0439042/domains/a0439042.xsph.ru/public_html/mails/ru/reply_msg.html [] []
[2020-05-16 06:35:15] app.INFO: Generate txt template reply_msg at /home/a0439042/domains/a0439042.xsph.ru/public_html/mails/ru/reply_msg.txt [] []
[2020-05-16 06:35:15] app.INFO: Generate html template shipped at /home/a0439042/domains/a0439042.xsph.ru/public_html/mails/ru/shipped.html [] []
[2020-05-16 06:35:15] app.INFO: Generate txt template shipped at /home/a0439042/domains/a0439042.xsph.ru/public_html/mails/ru/shipped.txt [] []
[2020-05-16 06:35:15] app.INFO: Generate html template test at /home/a0439042/domains/a0439042.xsph.ru/public_html/mails/ru/test.html [] []
[2020-05-16 06:35:15] app.INFO: Generate txt template test at /home/a0439042/domains/a0439042.xsph.ru/public_html/mails/ru/test.txt [] []
[2020-05-16 06:35:15] app.INFO: Generate html template voucher at /home/a0439042/domains/a0439042.xsph.ru/public_html/mails/ru/voucher.html [] []
[2020-05-16 06:35:15] app.INFO: Generate txt template voucher at /home/a0439042/domains/a0439042.xsph.ru/public_html/mails/ru/voucher.txt [] []
[2020-05-16 06:35:15] app.INFO: Generate html template voucher_new at /home/a0439042/domains/a0439042.xsph.ru/public_html/mails/ru/voucher_new.html [] []
[2020-05-16 06:35:15] app.INFO: Generate txt template voucher_new at /home/a0439042/domains/a0439042.xsph.ru/public_html/mails/ru/voucher_new.txt [] []
[2020-05-16 06:35:15] app.INFO: Generate html template followup_1 at /home/a0439042/domains/a0439042.xsph.ru/public_html/modules//followup/mails/ru/followup_1.html [] []
[2020-05-16 06:35:15] app.INFO: Generate txt template followup_1 at /home/a0439042/domains/a0439042.xsph.ru/public_html/modules//followup/mails/ru/followup_1.txt [] []
[2020-05-16 06:35:15] app.INFO: Generate html template followup_2 at /home/a0439042/domains/a0439042.xsph.ru/public_html/modules//followup/mails/ru/followup_2.html [] []
[2020-05-16 06:35:15] app.INFO: Generate txt template followup_2 at /home/a0439042/domains/a0439042.xsph.ru/public_html/modules//followup/mails/ru/followup_2.txt [] []
[2020-05-16 06:35:15] app.INFO: Generate html template followup_3 at /home/a0439042/domains/a0439042.xsph.ru/public_html/modules//followup/mails/ru/followup_3.html [] []
[2020-05-16 06:35:15] app.INFO: Generate txt template followup_3 at /home/a0439042/domains/a0439042.xsph.ru/public_html/modules//followup/mails/ru/followup_3.txt [] []
[2020-05-16 06:35:15] app.INFO: Generate html template followup_4 at /home/a0439042/domains/a0439042.xsph.ru/public_html/modules//followup/mails/ru/followup_4.html [] []
[2020-05-16 06:35:15] app.INFO: Generate txt template followup_4 at /home/a0439042/domains/a0439042.xsph.ru/public_html/modules//followup/mails/ru/followup_4.txt [] []
[2020-05-16 06:35:15] app.INFO: Generate html template newsletter_conf at /home/a0439042/domains/a0439042.xsph.ru/public_html/modules//ps_emailsubscription/mails/ru/newsletter_conf.html [] []
[2020-05-16 06:35:15] app.INFO: Generate txt template newsletter_conf at /home/a0439042/domains/a0439042.xsph.ru/public_html/modules//ps_emailsubscription/mails/ru/newsletter_conf.txt [] []
[2020-05-16 06:35:15] app.INFO: Generate html template newsletter_verif at /home/a0439042/domains/a0439042.xsph.ru/public_html/modules//ps_emailsubscription/mails/ru/newsletter_verif.html [] []
[2020-05-16 06:35:15] app.INFO: Generate txt template newsletter_verif at /home/a0439042/domains/a0439042.xsph.ru/public_html/modules//ps_emailsubscription/mails/ru/newsletter_verif.txt [] []
[2020-05-16 06:35:15] app.INFO: Generate html template newsletter_voucher at /home/a0439042/domains/a0439042.xsph.ru/public_html/modules//ps_emailsubscription/mails/ru/newsletter_voucher.html [] []
[2020-05-16 06:35:15] app.INFO: Generate txt template newsletter_voucher at /home/a0439042/domains/a0439042.xsph.ru/public_html/modules//ps_emailsubscription/mails/ru/newsletter_voucher.txt [] []
[2020-05-16 06:35:15] app.INFO: Generate html template customer_qty at /home/a0439042/domains/a0439042.xsph.ru/public_html/modules//ps_emailalerts/mails/ru/customer_qty.html [] []
[2020-05-16 06:35:15] app.INFO: Generate txt template customer_qty at /home/a0439042/domains/a0439042.xsph.ru/public_html/modules//ps_emailalerts/mails/ru/customer_qty.txt [] []
[2020-05-16 06:35:15] app.INFO: Generate html template new_order at /home/a0439042/domains/a0439042.xsph.ru/public_html/modules//ps_emailalerts/mails/ru/new_order.html [] []
[2020-05-16 06:35:15] app.INFO: Generate txt template new_order at /home/a0439042/domains/a0439042.xsph.ru/public_html/modules//ps_emailalerts/mails/ru/new_order.txt [] []
[2020-05-16 06:35:15] app.INFO: Generate html template order_changed at /home/a0439042/domains/a0439042.xsph.ru/public_html/modules//ps_emailalerts/mails/ru/order_changed.html [] []
[2020-05-16 06:35:15] app.INFO: Generate txt template order_changed at /home/a0439042/domains/a0439042.xsph.ru/public_html/modules//ps_emailalerts/mails/ru/order_changed.txt [] []
[2020-05-16 06:35:15] app.INFO: Generate html template productcoverage at /home/a0439042/domains/a0439042.xsph.ru/public_html/modules//ps_emailalerts/mails/ru/productcoverage.html [] []
[2020-05-16 06:35:15] app.INFO: Generate txt template productcoverage at /home/a0439042/domains/a0439042.xsph.ru/public_html/modules//ps_emailalerts/mails/ru/productcoverage.txt [] []
[2020-05-16 06:35:15] app.INFO: Generate html template productoutofstock at /home/a0439042/domains/a0439042.xsph.ru/public_html/modules//ps_emailalerts/mails/ru/productoutofstock.html [] []
[2020-05-16 06:35:15] app.INFO: Generate txt template productoutofstock at /home/a0439042/domains/a0439042.xsph.ru/public_html/modules//ps_emailalerts/mails/ru/productoutofstock.txt [] []
[2020-05-16 06:35:15] app.INFO: Generate html template return_slip at /home/a0439042/domains/a0439042.xsph.ru/public_html/modules//ps_emailalerts/mails/ru/return_slip.html [] []
[2020-05-16 06:35:15] app.INFO: Generate txt template return_slip at /home/a0439042/domains/a0439042.xsph.ru/public_html/modules//ps_emailalerts/mails/ru/return_slip.txt [] []
[2020-05-16 06:35:15] app.INFO: Generate html template referralprogram-congratulations at /home/a0439042/domains/a0439042.xsph.ru/public_html/modules//referralprogram/mails/ru/referralprogram-congratulations.html [] []
[2020-05-16 06:35:15] app.INFO: Generate txt template referralprogram-congratulations at /home/a0439042/domains/a0439042.xsph.ru/public_html/modules//referralprogram/mails/ru/referralprogram-congratulations.txt [] []
[2020-05-16 06:35:15] app.INFO: Generate html template referralprogram-invitation at /home/a0439042/domains/a0439042.xsph.ru/public_html/modules//referralprogram/mails/ru/referralprogram-invitation.html [] []
[2020-05-16 06:35:15] app.INFO: Generate txt template referralprogram-invitation at /home/a0439042/domains/a0439042.xsph.ru/public_html/modules//referralprogram/mails/ru/referralprogram-invitation.txt [] []
[2020-05-16 06:35:15] app.INFO: Generate html template referralprogram-voucher at /home/a0439042/domains/a0439042.xsph.ru/public_html/modules//referralprogram/mails/ru/referralprogram-voucher.html [] []
[2020-05-16 06:35:15] app.INFO: Generate txt template referralprogram-voucher at /home/a0439042/domains/a0439042.xsph.ru/public_html/modules//referralprogram/mails/ru/referralprogram-voucher.txt [] []
[2020-05-16 06:35:18] app.INFO: Protect vendor folder in module contactform [] []
[2020-05-16 06:35:18] app.INFO: Module contactform has no vendor folder [] []
[2020-05-16 06:35:18] app.INFO: Protect vendor folder in module dashactivity [] []
[2020-05-16 06:35:18] app.INFO: Module dashactivity has no vendor folder [] []
[2020-05-16 06:35:18] app.INFO: Protect vendor folder in module dashtrends [] []
[2020-05-16 06:35:18] app.INFO: Module dashtrends has no vendor folder [] []
[2020-05-16 06:35:18] app.INFO: Protect vendor folder in module dashgoals [] []
[2020-05-16 06:35:18] app.INFO: Module dashgoals has no vendor folder [] []
[2020-05-16 06:35:18] app.INFO: Protect vendor folder in module dashproducts [] []
[2020-05-16 06:35:18] app.INFO: Module dashproducts has no vendor folder [] []
[2020-05-16 06:35:18] app.INFO: Protect vendor folder in module graphnvd3 [] []
[2020-05-16 06:35:18] app.INFO: Module graphnvd3 has no vendor folder [] []
[2020-05-16 06:35:18] app.INFO: Protect vendor folder in module gridhtml [] []
[2020-05-16 06:35:18] app.INFO: Module gridhtml has no vendor folder [] []
[2020-05-16 06:35:18] app.INFO: Protect vendor folder in module gsitemap [] []
[2020-05-16 06:35:18] app.INFO: Module gsitemap has no vendor folder [] []
[2020-05-16 06:35:18] app.INFO: Protect vendor folder in module ps_banner [] []
[2020-05-16 06:35:18] app.INFO: Module ps_banner has no vendor folder [] []
[2020-05-16 06:35:18] app.INFO: Protect vendor folder in module ps_categorytree [] []
[2020-05-16 06:35:18] app.INFO: Module ps_categorytree has no vendor folder [] []
[2020-05-16 06:35:18] app.INFO: Protect vendor folder in module ps_checkpayment [] []
[2020-05-16 06:35:18] app.INFO: Module ps_checkpayment has no vendor folder [] []
[2020-05-16 06:35:18] app.INFO: Protect vendor folder in module ps_contactinfo [] []
[2020-05-16 06:35:18] app.INFO: Module ps_contactinfo has no vendor folder [] []
[2020-05-16 06:35:18] app.INFO: Protect vendor folder in module ps_currencyselector [] []
[2020-05-16 06:35:18] app.INFO: Module ps_currencyselector has no vendor folder [] []
[2020-05-16 06:35:18] app.INFO: Protect vendor folder in module ps_customeraccountlinks [] []
[2020-05-16 06:35:18] app.INFO: Module ps_customeraccountlinks has no vendor folder [] []
[2020-05-16 06:35:18] app.INFO: Protect vendor folder in module ps_customersignin [] []
[2020-05-16 06:35:18] app.INFO: Module ps_customersignin has no vendor folder [] []
[2020-05-16 06:35:18] app.INFO: Protect vendor folder in module ps_customtext [] []
[2020-05-16 06:35:18] app.INFO: Module ps_customtext has no vendor folder [] []
[2020-05-16 06:35:18] app.INFO: Protect vendor folder in module ps_emailsubscription [] []
[2020-05-16 06:35:18] app.INFO: Module ps_emailsubscription has no vendor folder [] []
[2020-05-16 06:35:19] app.INFO: Protect vendor folder in module ps_facetedsearch [] []
[2020-05-16 06:35:19] app.INFO: Module ps_facetedsearch has no vendor folder [] []
[2020-05-16 06:35:19] app.INFO: Protect vendor folder in module ps_faviconnotificationbo [] []
[2020-05-16 06:35:19] app.INFO: Module ps_faviconnotificationbo has no vendor folder [] []
[2020-05-16 06:35:19] app.INFO: Protect vendor folder in module ps_featuredproducts [] []
[2020-05-16 06:35:19] app.INFO: Module ps_featuredproducts has no vendor folder [] []
[2020-05-16 06:35:19] app.INFO: Protect vendor folder in module ps_imageslider [] []
[2020-05-16 06:35:19] app.INFO: Module ps_imageslider has no vendor folder [] []
[2020-05-16 06:35:19] app.INFO: Protect vendor folder in module ps_languageselector [] []
[2020-05-16 06:35:19] app.INFO: Module ps_languageselector has no vendor folder [] []
[2020-05-16 06:35:19] app.INFO: Protect vendor folder in module ps_linklist [] []
[2020-05-16 06:35:19] app.INFO: Module ps_linklist has no vendor folder [] []
[2020-05-16 06:35:19] app.ERROR: Class "AdminLinkWidgetController" not found in controllers/admin [] []
[2020-05-16 06:35:20] app.INFO: Protect vendor folder in module ps_mainmenu [] []
[2020-05-16 06:35:20] app.INFO: Module ps_mainmenu has no vendor folder [] []
[2020-05-16 06:35:20] app.INFO: Protect vendor folder in module ps_searchbar [] []
[2020-05-16 06:35:20] app.INFO: Module ps_searchbar has no vendor folder [] []
[2020-05-16 06:35:20] app.INFO: Protect vendor folder in module ps_sharebuttons [] []
[2020-05-16 06:35:20] app.INFO: Module ps_sharebuttons has no vendor folder [] []
[2020-05-16 06:35:20] app.INFO: Protect vendor folder in module ps_shoppingcart [] []
[2020-05-16 06:35:20] app.INFO: Module ps_shoppingcart has no vendor folder [] []
[2020-05-16 06:35:20] app.INFO: Protect vendor folder in module ps_socialfollow [] []
[2020-05-16 06:35:20] app.INFO: Module ps_socialfollow has no vendor folder [] []
[2020-05-16 06:35:20] app.INFO: Protect vendor folder in module ps_themecusto [] []
[2020-05-16 06:35:20] app.INFO: Module ps_themecusto has no vendor folder [] []
[2020-05-16 06:35:20] app.INFO: Protect vendor folder in module ps_wirepayment [] []
[2020-05-16 06:35:20] app.INFO: Module ps_wirepayment has no vendor folder [] []
[2020-05-16 06:35:20] app.INFO: Protect vendor folder in module pagesnotfound [] []
[2020-05-16 06:35:20] app.INFO: Module pagesnotfound has no vendor folder [] []
[2020-05-16 06:35:20] app.INFO: Protect vendor folder in module sekeywords [] []
[2020-05-16 06:35:20] app.INFO: Module sekeywords has no vendor folder [] []
[2020-05-16 06:35:20] app.INFO: Protect vendor folder in module statsbestcategories [] []
[2020-05-16 06:35:20] app.INFO: Module statsbestcategories has no vendor folder [] []
[2020-05-16 06:35:20] app.INFO: Protect vendor folder in module statsbestcustomers [] []
[2020-05-16 06:35:20] app.INFO: Module statsbestcustomers has no vendor folder [] []
[2020-05-16 06:35:20] app.INFO: Protect vendor folder in module statsbestproducts [] []
[2020-05-16 06:35:20] app.INFO: Module statsbestproducts has no vendor folder [] []
[2020-05-16 06:35:20] app.INFO: Protect vendor folder in module statsbestsuppliers [] []
[2020-05-16 06:35:20] app.INFO: Module statsbestsuppliers has no vendor folder [] []
[2020-05-16 06:35:20] app.INFO: Protect vendor folder in module statsbestvouchers [] []
[2020-05-16 06:35:20] app.INFO: Module statsbestvouchers has no vendor folder [] []
[2020-05-16 06:35:20] app.INFO: Protect vendor folder in module statscarrier [] []
[2020-05-16 06:35:20] app.INFO: Module statscarrier has no vendor folder [] []
[2020-05-16 06:35:20] app.INFO: Protect vendor folder in module statscatalog [] []
[2020-05-16 06:35:20] app.INFO: Module statscatalog has no vendor folder [] []
[2020-05-16 06:35:20] app.INFO: Protect vendor folder in module statscheckup [] []
[2020-05-16 06:35:20] app.INFO: Module statscheckup has no vendor folder [] []
[2020-05-16 06:35:20] app.INFO: Protect vendor folder in module statsdata [] []
[2020-05-16 06:35:20] app.INFO: Module statsdata has no vendor folder [] []
[2020-05-16 06:35:20] app.INFO: Protect vendor folder in module statsequipment [] []
[2020-05-16 06:35:20] app.INFO: Module statsequipment has no vendor folder [] []
[2020-05-16 06:35:20] app.INFO: Protect vendor folder in module statsforecast [] []
[2020-05-16 06:35:20] app.INFO: Module statsforecast has no vendor folder [] []
[2020-05-16 06:35:20] app.INFO: Protect vendor folder in module statslive [] []
[2020-05-16 06:35:20] app.INFO: Module statslive has no vendor folder [] []
[2020-05-16 06:35:20] app.INFO: Protect vendor folder in module statsnewsletter [] []
[2020-05-16 06:35:20] app.INFO: Module statsnewsletter has no vendor folder [] []
[2020-05-16 06:35:20] app.INFO: Protect vendor folder in module statsorigin [] []
[2020-05-16 06:35:20] app.INFO: Module statsorigin has no vendor folder [] []
[2020-05-16 06:35:20] app.INFO: Protect vendor folder in module statspersonalinfos [] []
[2020-05-16 06:35:20] app.INFO: Module statspersonalinfos has no vendor folder [] []
[2020-05-16 06:35:20] app.INFO: Protect vendor folder in module statsproduct [] []
[2020-05-16 06:35:20] app.INFO: Module statsproduct has no vendor folder [] []
[2020-05-16 06:35:20] app.INFO: Protect vendor folder in module statsregistrations [] []
[2020-05-16 06:35:20] app.INFO: Module statsregistrations has no vendor folder [] []
[2020-05-16 06:35:20] app.INFO: Protect vendor folder in module statssales [] []
[2020-05-16 06:35:20] app.INFO: Module statssales has no vendor folder [] []
[2020-05-16 06:35:20] app.INFO: Protect vendor folder in module statssearch [] []
[2020-05-16 06:35:20] app.INFO: Module statssearch has no vendor folder [] []
[2020-05-16 06:35:20] app.INFO: Protect vendor folder in module statsstock [] []
[2020-05-16 06:35:20] app.INFO: Module statsstock has no vendor folder [] []
[2020-05-16 06:35:20] app.INFO: Protect vendor folder in module statsvisits [] []
[2020-05-16 06:35:20] app.INFO: Module statsvisits has no vendor folder [] []
[2020-05-16 06:35:20] app.INFO: Protect vendor folder in module welcome [] []
[2020-05-16 06:35:20] app.INFO: Exporting mail with theme modern for language Русский (Russian) [] []
[2020-05-16 06:35:20] app.INFO: Core output folder: /home/a0439042/domains/a0439042.xsph.ru/public_html/mails [] []
[2020-05-16 06:35:20] app.INFO: Modules output folder: /home/a0439042/domains/a0439042.xsph.ru/public_html/modules/ [] []
[2020-05-16 06:35:27] app.INFO: Protect vendor folder in module gamification [] []
[2020-05-16 06:35:27] app.INFO: Protect vendor folder in module emarketing [] []
[2020-05-16 06:35:27] app.INFO: Protect vendor folder in module psaddonsconnect [] []
[2020-05-16 06:35:27] app.INFO: Protect vendor folder in module psgdpr [] []
[2020-05-16 06:35:27] app.INFO: Module psgdpr has no vendor folder [] []
[2020-05-16 06:35:27] app.INFO: Protect vendor folder in module ps_mbo [] []
[2020-05-16 06:35:27] app.INFO: Protect vendor folder in module ps_buybuttonlite [] []
[2020-05-16 06:35:27] app.INFO: Exporting mail with theme modern for language Русский (Russian) [] []
[2020-05-16 06:35:27] app.INFO: Core output folder: /home/a0439042/domains/a0439042.xsph.ru/public_html/mails [] []
[2020-05-16 06:35:27] app.INFO: Modules output folder: /home/a0439042/domains/a0439042.xsph.ru/public_html/modules/ [] []
[2020-05-16 06:35:28] app.INFO: Protect vendor folder in module blockreassurance [] []
[2020-05-16 06:35:28] app.INFO: Module blockreassurance has no vendor folder [] []
[2020-05-16 06:35:43] app.INFO: Protect vendor folder in module ps_facetedsearch [] []
[2020-05-16 06:35:43] app.INFO: Module ps_facetedsearch has no vendor folder [] []
